Run Information
========================
cognizant.intelligent.test.scripter.engine : 1.4
java.runtime.name    : Java(TM) SE Runtime Environment
java.version         : 11.0.11
java.home            : C:\Program Files\Java\jdk-11.0.11
os.name              : Windows 10
os.arch              : amd64
os.version           : 10.0
file.encoding        : UTF-8
========================
Run Started on Fri Jun 04 14:56:47 IST 2021
Loading Browser Profile
SLF4J: Class path contains multiple SLF4J bindings.
SLF4J: Found binding in [jar:file:/E:/GitLab-Runner/builds/6wa7Gcoh/0/anushaananth97/test-cicd/CITS/lib/slf4j-nop-1.7.28.jar!/org/slf4j/impl/StaticLoggerBinder.class]
SLF4J: Found binding in [jar:file:/E:/GitLab-Runner/builds/6wa7Gcoh/0/anushaananth97/test-cicd/CITS/lib/slf4j-simple-1.7.10.jar!/org/slf4j/impl/StaticLoggerBinder.class]
SLF4J: See http://www.slf4j.org/codes.html#multiple_bindings for an explanation.
SLF4J: Actual binding is of type [org.slf4j.helpers.NOPLoggerFactory]
Loading RunManager
[Scenario:NewScenario] [TestCase: Test] [Description: Test] [Browser: Chrome] [BrowserVersion: Default] [Platform: ANY][ExistingBrowser: false]
[Scenario:NewScenario] [TestCase: Test1] [Description: Test1] [Browser: Chrome] [BrowserVersion: Default] [Platform: ANY][ExistingBrowser: false]
----------------------------------------------------------
[2] TestCases selected for execution from [//NewRelease/Batch]
----------------------------------------------------------
Initializing Report
ApiLink not available!!
Run Manager true
Continue Execution true
Shutting Down Thread as there is no need for SelectiveThreading
Inside Task Run
Running Iteration 1
Launching Chrome
Launching Local Driver
Starting ChromeDriver 90.0.4430.24 (4c6d850f087da467d926e8eddb76550aed655991-refs/branch-heads/4430@{#429}) on port 17992
Only local connections are allowed.
Please see https://chromedriver.chromium.org/security-considerations for suggestions on keeping ChromeDriver safe.
ChromeDriver was started successfully.
[1622798810.093][WARNING]: This version of ChromeDriver has not been tested with Chrome version 91.
2021-06-04 14:56:50:06S +0530 [INFO] org.openqa.selenium.remote.ProtocolHandshake createSession:Detected dialect: W3C
Chrome Launched
Step:1   | Object: Browser | Action: Open | Input: @https://www.google.com/ | Conditon:  | @04-Jun-2021 14:56:50.050
[DONE]   | Opened Url: https://www.google.com/

===================================================================================================

Step:2   | Object: Browser | Action: takeScreenshot | Input:  | Conditon:  | @04-Jun-2021 14:56:51.051
[PASS]   | Screenshot is taken

===================================================================================================

Step:3   | Object: Google_Search | Action: imgClickIfExists | Input:  | Conditon:  | @04-Jun-2021 14:56:52.052
2021-06-04 14:56:55:06S +0530 [WARNING] com.cognizant.cognizantits.engine.commands.image.ImageCommand findTarget:E:\CITS\CITS\Projects\Test\ImageObjectRepository\Google\Google_Search\Google_Search\Google_Search.png: (477x51) in R[0,0 1024x768]@S(0)
FindFailed: E:\CITS\CITS\Projects\Test\ImageObjectRepository\Google\Google_Search\Google_Search\Google_Search.png: (477x51) in R[0,0 1024x768]@S(0)
  Line 2522, in file Region.java

	at org.sikuli.script.Region.findAll(Region.java:2522)
	at com.cognizant.cognizantits.engine.commands.image.ImageCommand.findTarget(ImageCommand.java:284)
	at com.cognizant.cognizantits.engine.commands.image.CommonImageMethods.imgClickIfExists(CommonImageMethods.java:82)
	at com.cognizant.cognizantits.engine.support.reflect.MethodExecutor.executeMethod(MethodExecutor.java:39)
	at com.cognizant.cognizantits.engine.execution.run.TestStepRunner.executeAction(TestStepRunner.java:165)
	at com.cognizant.cognizantits.engine.execution.run.TestStepRunner.executeStep(TestStepRunner.java:161)
	at com.cognizant.cognizantits.engine.execution.run.TestStepRunner.executeStep(TestStepRunner.java:147)
	at com.cognizant.cognizantits.engine.execution.run.TestStepRunner.run(TestStepRunner.java:66)
	at com.cognizant.cognizantits.engine.execution.run.TestCaseRunner.runStep(TestCaseRunner.java:395)
	at com.cognizant.cognizantits.engine.execution.run.TestCaseRunner.run(TestCaseRunner.java:346)
	at com.cognizant.cognizantits.engine.core.Task.runIteration(Task.java:130)
	at com.cognizant.cognizantits.engine.core.Task.run(Task.java:85)
	at java.base/java.util.concurrent.ThreadPoolExecutor.runWorker(ThreadPoolExecutor.java:1128)
	at java.base/java.util.concurrent.ThreadPoolExecutor$Worker.run(ThreadPoolExecutor.java:628)
	at java.base/java.lang.Thread.run(Thread.java:834)

[DONE]   | Google_Search not found on screen

===================================================================================================

Step:4   | Object: Browser | Action: takeScreenshot | Input:  | Conditon:  | @04-Jun-2021 14:56:55.055
[PASS]   | Screenshot is taken

===================================================================================================

Step:5   | Object: App | Action: typeOnScreen | Input: @weather Today | Conditon:  | @04-Jun-2021 14:56:56.056
[log]  TYPE "weather Today"
[DONE]   |  Typed weather Today on screen

===================================================================================================

Step:6   | Object: Browser | Action: takeScreenshot | Input:  | Conditon:  | @04-Jun-2021 14:56:58.058
[PASS]   | Screenshot is taken

===================================================================================================

Step:7   | Object: App | Action: keyboardKey | Input: @Enter | Conditon:  | @04-Jun-2021 14:56:58.058
[log]  TYPE "#ENTER."
[DONE]   | Key [Enter] action is done

===================================================================================================

Step:8   | Object: Browser | Action: takeScreenshot | Input:  | Conditon:  | @04-Jun-2021 14:56:58.058
[PASS]   | Screenshot is taken

===================================================================================================


---------------------------------------------------
Testcase Name        : NewScenario:Test
Executed Steps       : 8
Passed Steps         : 8
Failed Steps         : 0
Time Taken           : 00:00:12
-----------------------------------------------------

Inside Task Run
Running Iteration 1
Launching Chrome
Launching Local Driver
Starting ChromeDriver 90.0.4430.24 (4c6d850f087da467d926e8eddb76550aed655991-refs/branch-heads/4430@{#429}) on port 43410
Only local connections are allowed.
Please see https://chromedriver.chromium.org/security-considerations for suggestions on keeping ChromeDriver safe.
ChromeDriver was started successfully.
[1622798821.332][WARNING]: This version of ChromeDriver has not been tested with Chrome version 91.
2021-06-04 14:57:01:06S +0530 [INFO] org.openqa.selenium.remote.ProtocolHandshake createSession:Detected dialect: W3C
Chrome Launched
Step:1   | Object: Browser | Action: Open | Input: @https://www.google.com/ | Conditon:  | @04-Jun-2021 14:57:01.001
[DONE]   | Opened Url: https://www.google.com/

===================================================================================================

Step:2   | Object: Browser | Action: takeScreenshot | Input:  | Conditon:  | @04-Jun-2021 14:57:01.001
[PASS]   | Screenshot is taken

===================================================================================================


---------------------------------------------------
Testcase Name        : NewScenario:Test1
Executed Steps       : 2
Passed Steps         : 2
Failed Steps         : 0
Time Taken           : 00:00:03
-----------------------------------------------------

Run Finished on Fri Jun 04 14:57:04 IST 2021
-----------------------------------------------------
ExecutionDate        : 04-Jun-2021 14-56-47
Executed TestCases   : 2
Passed TestCases     : 2
Failed TestCases     : 0
Time Taken           : 00:00:16
ReportPath           : file:///E:\CITS\CITS\Projects\Test\Results\TestExecution\NewRelease\Batch\04-Jun-2021 14-56-47\summary.html
-----------------------------------------------------
2021-06-04 14:57:04:06S +0530 [INFO] com.cognizant.cognizantits.engine.mail.Mailer send:Sending Reports to Mail
2021-06-04 14:57:04:06S +0530 [INFO] com.cognizant.cognizantits.engine.mail.Mailer sendMail:Compiling Mail before Sending
2021-06-04 14:57:04:06S +0530 [INFO] com.cognizant.cognizantits.engine.mail.Mailer getMessagePart:Attaching Reports as zip
2021-06-04 14:57:04:06S +0530 [INFO] com.cognizant.cognizantits.engine.mail.Mailer sendMail:Connecting to Mail Server
2021-06-04 14:57:04:06S +0530 [SEVERE] com.cognizant.cognizantits.engine.mail.Mailer send:null
javax.mail.MessagingException: Could not connect to SMTP host: smtp.gmail.com, port: 465;
  nested exception is:
	javax.net.ssl.SSLHandshakeException: No appropriate protocol (protocol is disabled or cipher suites are inappropriate)
	at com.sun.mail.smtp.SMTPTransport.openServer(SMTPTransport.java:1961)
	at com.sun.mail.smtp.SMTPTransport.protocolConnect(SMTPTransport.java:654)
	at javax.mail.Service.connect(Service.java:317)
	at javax.mail.Service.connect(Service.java:176)
	at javax.mail.Service.connect(Service.java:125)
	at com.cognizant.cognizantits.engine.mail.Mailer.sendMail(Mailer.java:106)
	at com.cognizant.cognizantits.engine.mail.Mailer.send(Mailer.java:67)
	at com.cognizant.cognizantits.engine.core.Control.endExecution(Control.java:199)
	at com.cognizant.cognizantits.engine.core.Control.startRun(Control.java:178)
	at com.cognizant.cognizantits.engine.core.Control.start(Control.java:61)
	at com.cognizant.cognizantits.engine.core.Control.call(Control.java:78)
	at com.cognizant.cognizantits.engine.cli.CLI.executeWith(CLI.java:125)
	at com.cognizant.cognizantits.engine.cli.LookUp.exe(LookUp.java:172)
	at com.cognizant.cognizantits.ide.main.Main.commandLineExecution(Main.java:68)
	at com.cognizant.cognizantits.ide.main.Main.main(Main.java:56)
Caused by: javax.net.ssl.SSLHandshakeException: No appropriate protocol (protocol is disabled or cipher suites are inappropriate)
	at java.base/sun.security.ssl.HandshakeContext.<init>(HandshakeContext.java:170)
	at java.base/sun.security.ssl.ClientHandshakeContext.<init>(ClientHandshakeContext.java:98)
	at java.base/sun.security.ssl.TransportContext.kickstart(TransportContext.java:238)
	at java.base/sun.security.ssl.SSLSocketImpl.startHandshake(SSLSocketImpl.java:394)
	at java.base/sun.security.ssl.SSLSocketImpl.startHandshake(SSLSocketImpl.java:373)
	at com.sun.mail.util.SocketFetcher.configureSSLSocket(SocketFetcher.java:549)
	at com.sun.mail.util.SocketFetcher.createSocket(SocketFetcher.java:354)
	at com.sun.mail.util.SocketFetcher.getSocket(SocketFetcher.java:237)
	at com.sun.mail.smtp.SMTPTransport.openServer(SMTPTransport.java:1927)
	... 14 more

