Run Information
========================
cognizant.intelligent.test.scripter.engine : 1.4
java.runtime.name    : Java(TM) SE Runtime Environment
java.version         : 11.0.11
java.home            : C:\Program Files\Java\jdk-11.0.11
os.name              : Windows 10
os.arch              : amd64
os.version           : 10.0
file.encoding        : UTF-8
========================
Run Started on Thu May 27 20:39:23 IST 2021
Loading Browser Profile
Loading RunManager
[Scenario:NewScenario] [TestCase: Test] [Description: Test] [Browser: Chrome] [BrowserVersion: Default] [Platform: ANY][ExistingBrowser: false]
[Scenario:NewScenario] [TestCase: Test1] [Description: Test1] [Browser: Chrome] [BrowserVersion: Default] [Platform: ANY][ExistingBrowser: false]
----------------------------------------------------------
[2] TestCases selected for execution from [//NewRelease/Batch]
----------------------------------------------------------
Initializing Report
ApiLink not available!!
Run Manager true
Continue Execution true
Shutting Down Thread as there is no need for SelectiveThreading
Inside Task Run
Running Iteration 1
Launching Chrome
Launching Local Driver
Starting ChromeDriver 90.0.4430.24 (4c6d850f087da467d926e8eddb76550aed655991-refs/branch-heads/4430@{#429}) on port 29470
Only local connections are allowed.
Please see https://chromedriver.chromium.org/security-considerations for suggestions on keeping ChromeDriver safe.
ChromeDriver was started successfully.
2021-05-27 20:39:25:05S +0530 [INFO] org.openqa.selenium.remote.ProtocolHandshake createSession:Detected dialect: W3C
Chrome Launched
Step:1   | Object: Browser | Action: Open | Input: @https://www.google.com/ | Conditon:  | @27-May-2021 20:39:25.025
[DONE]   | Opened Url: https://www.google.com/

===================================================================================================

Step:2   | Object: Browser | Action: takeScreenshot | Input:  | Conditon:  | @27-May-2021 20:39:26.026
[PASS]   | Screenshot is taken

===================================================================================================


---------------------------------------------------
Testcase Name        : NewScenario:Test
Executed Steps       : 2
Passed Steps         : 2
Failed Steps         : 0
Time Taken           : 00:00:04
-----------------------------------------------------

Inside Task Run
Running Iteration 1
Launching Chrome
Launching Local Driver
Starting ChromeDriver 90.0.4430.24 (4c6d850f087da467d926e8eddb76550aed655991-refs/branch-heads/4430@{#429}) on port 38019
Only local connections are allowed.
Please see https://chromedriver.chromium.org/security-considerations for suggestions on keeping ChromeDriver safe.
ChromeDriver was started successfully.
2021-05-27 20:39:29:05S +0530 [INFO] org.openqa.selenium.remote.ProtocolHandshake createSession:Detected dialect: W3C
Chrome Launched
Step:1   | Object: Browser | Action: Open | Input: @https://www.google.com/ | Conditon:  | @27-May-2021 20:39:29.029
[DONE]   | Opened Url: https://www.google.com/

===================================================================================================

Step:2   | Object: Browser | Action: takeScreenshot | Input:  | Conditon:  | @27-May-2021 20:39:30.030
[PASS]   | Screenshot is taken

===================================================================================================


---------------------------------------------------
Testcase Name        : NewScenario:Test1
Executed Steps       : 2
Passed Steps         : 2
Failed Steps         : 0
Time Taken           : 00:00:03
-----------------------------------------------------

Run Finished on Thu May 27 20:39:31 IST 2021
-----------------------------------------------------
ExecutionDate        : 27-May-2021 20-39-23
Executed TestCases   : 2
Passed TestCases     : 2
Failed TestCases     : 0
Time Taken           : 00:00:08
ReportPath           : file:///E:\CITS\CITS\Projects\Test\Results\TestExecution\NewRelease\Batch\27-May-2021 20-39-23\summary.html
-----------------------------------------------------
2021-05-27 20:39:31:05S +0530 [INFO] com.cognizant.cognizantits.engine.mail.Mailer send:Sending Reports to Mail
2021-05-27 20:39:31:05S +0530 [INFO] com.cognizant.cognizantits.engine.mail.Mailer sendMail:Compiling Mail before Sending
2021-05-27 20:39:31:05S +0530 [INFO] com.cognizant.cognizantits.engine.mail.Mailer getMessagePart:Attaching Reports as zip
2021-05-27 20:39:31:05S +0530 [INFO] com.cognizant.cognizantits.engine.mail.Mailer sendMail:Connecting to Mail Server
2021-05-27 20:39:37:05S +0530 [SEVERE] com.cognizant.cognizantits.engine.mail.Mailer send:null
javax.mail.MessagingException: Could not convert socket to TLS;
  nested exception is:
	javax.net.ssl.SSLHandshakeException: No appropriate protocol (protocol is disabled or cipher suites are inappropriate)
	at com.sun.mail.smtp.SMTPTransport.startTLS(SMTPTransport.java:1907)
	at com.sun.mail.smtp.SMTPTransport.protocolConnect(SMTPTransport.java:666)
	at javax.mail.Service.connect(Service.java:317)
	at javax.mail.Service.connect(Service.java:176)
	at javax.mail.Service.connect(Service.java:125)
	at com.cognizant.cognizantits.engine.mail.Mailer.sendMail(Mailer.java:106)
	at com.cognizant.cognizantits.engine.mail.Mailer.send(Mailer.java:67)
	at com.cognizant.cognizantits.engine.core.Control.endExecution(Control.java:199)
	at com.cognizant.cognizantits.engine.core.Control.startRun(Control.java:178)
	at com.cognizant.cognizantits.engine.core.Control.start(Control.java:61)
	at com.cognizant.cognizantits.engine.core.Control.call(Control.java:70)
	at com.cognizant.cognizantits.ide.main.mainui.EngineConfig.runProject(EngineConfig.java:46)
	at com.cognizant.cognizantits.ide.main.mainui.components.testexecution.testset.TestsetComponent$18.run(TestsetComponent.java:278)
	at java.base/java.lang.Thread.run(Thread.java:834)
Caused by: javax.net.ssl.SSLHandshakeException: No appropriate protocol (protocol is disabled or cipher suites are inappropriate)
	at java.base/sun.security.ssl.HandshakeContext.<init>(HandshakeContext.java:170)
	at java.base/sun.security.ssl.ClientHandshakeContext.<init>(ClientHandshakeContext.java:98)
	at java.base/sun.security.ssl.TransportContext.kickstart(TransportContext.java:238)
	at java.base/sun.security.ssl.SSLSocketImpl.startHandshake(SSLSocketImpl.java:394)
	at java.base/sun.security.ssl.SSLSocketImpl.startHandshake(SSLSocketImpl.java:373)
	at com.sun.mail.util.SocketFetcher.configureSSLSocket(SocketFetcher.java:549)
	at com.sun.mail.util.SocketFetcher.startTLS(SocketFetcher.java:486)
	at com.sun.mail.smtp.SMTPTransport.startTLS(SMTPTransport.java:1902)
	... 13 more

